<?xml version="1.0" encoding="UTF-8"?>
<testng-results ignored="0" total="1" passed="1" failed="0" skipped="0">
  <reporter-output>
  </reporter-output>
  <suite started-at="2019-09-29T12:35:05Z" name="Suite" finished-at="2019-09-29T12:35:40Z" duration-ms="34828">
    <groups>
    </groups>
    <test started-at="2019-09-29T12:35:05Z" name="Test" finished-at="2019-09-29T12:35:40Z" duration-ms="34828">
      <class name="com.vmo.testcases.app_Scenariotest">
        <test-method is-config="true" signature="setup()[pri:0, instance:com.vmo.testcases.app_Scenariotest@7530ad9c]" started-at="2019-09-29T12:35:05Z" name="setup" finished-at="2019-09-29T12:35:27Z" duration-ms="21439" status="PASS">
          <reporter-output>
          </reporter-output>
        </test-method> <!-- setup -->
        <test-method signature="run()[pri:0, instance:com.vmo.testcases.app_Scenariotest@7530ad9c]" started-at="2019-09-29T12:35:27Z" name="run" finished-at="2019-09-29T12:35:39Z" duration-ms="12602" status="PASS">
          <reporter-output>
          </reporter-output>
        </test-method> <!-- run -->
        <test-method is-config="true" signature="teardown()[pri:0, instance:com.vmo.testcases.app_Scenariotest@7530ad9c]" started-at="2019-09-29T12:35:39Z" name="teardown" finished-at="2019-09-29T12:35:40Z" duration-ms="759" status="PASS">
          <reporter-output>
          </reporter-output>
        </test-method> <!-- teardown -->
      </class> <!-- com.vmo.testcases.app_Scenariotest -->
    </test> <!-- Test -->
  </suite> <!-- Suite -->
</testng-results>
